<?xml version="1.0" encoding="UTF-8"?>
<testng-results skipped="0" failed="0" ignored="0" total="1" passed="1">
  <reporter-output>
  </reporter-output>
  <suite name="Default suite" duration-ms="13974" started-at="2022-06-28T01:19:34 IST" finished-at="2022-06-28T01:19:47 IST">
    <groups>
    </groups>
    <test name="Default test" duration-ms="13974" started-at="2022-06-28T01:19:34 IST" finished-at="2022-06-28T01:19:47 IST">
      <class name="com.interviewQuestions.MakeMyTripTest">
        <test-method status="PASS" signature="makemytripscript()[pri:0, instance:com.interviewQuestions.MakeMyTripTest@525f1e4e]" name="makemytripscript" duration-ms="13940" started-at="2022-06-28T01:19:34 IST" finished-at="2022-06-28T01:19:47 IST">
          <reporter-output>
          </reporter-output>
        </test-method> <!-- makemytripscript -->
      </class> <!-- com.interviewQuestions.MakeMyTripTest -->
    </test> <!-- Default test -->
  </suite> <!-- Default suite -->
</testng-results>
